# JRE version: Java(TM) SE Runtime Environment (8.0_65-b17) (build 1.8.0_65-b17)
# Java VM: Java HotSpot(TM) 64-Bit Server VM (25.65-b01 mixed mode linux-amd64 compressed oops)
Heap:
 PSYoungGen      total 171008K, used 85503K [0x00000000f0580000, 0x0000000100000000, 0x0000000100000000)
  eden space 85504K, 99% used [0x00000000f0580000,0x00000000f58fffb0,0x00000000f5900000)
  from space 85504K, 0% used [0x00000000fac80000,0x00000000fac80000,0x0000000100000000)
  to   space 85504K, 0% used [0x00000000f5900000,0x00000000f5900000,0x00000000fac80000)
 ParOldGen       total 513536K, used 513378K [0x00000000d1000000, 0x00000000f0580000, 0x00000000f0580000)
  object space 513536K, 99% used [0x00000000d1000000,0x00000000f0558a58,0x00000000f0580000)
 Metaspace       used 7691K, capacity 7870K, committed 8192K, reserved 1056768K
  class space    used 880K, capacity 957K, committed 1024K, reserved 1048576K
GC Heap History (10 events):
Event: 128.555 GC heap before
{Heap before GC invocations=75 (full 47):
 PSYoungGen      total 171008K, used 85504K [0x00000000f0580000, 0x0000000100000000, 0x0000000100000000)
  eden space 85504K, 100% used [0x00000000f0580000,0x00000000f5900000,0x00000000f5900000)
  from space 85504K, 0% used [0x00000000fac80000,0x00000000fac80000,0x0000000100000000)
  to   space 85504K, 0% used [0x00000000f5900000,0x00000000f5900000,0x00000000fac80000)
 ParOldGen       total 513536K, used 513371K [0x00000000d1000000, 0x00000000f0580000, 0x00000000f0580000)
  object space 513536K, 99% used [0x00000000d1000000,0x00000000f0556f58,0x00000000f0580000)
 Metaspace       used 7689K, capacity 7870K, committed 8192K, reserved 1056768K
  class space    used 880K, capacity 957K, committed 1024K, reserved 1048576K
Event: 130.790 GC heap after
Heap after GC invocations=75 (full 47):
 PSYoungGen      total 171008K, used 85503K [0x00000000f0580000, 0x0000000100000000, 0x0000000100000000)
  eden space 85504K, 99% used [0x00000000f0580000,0x00000000f58ffff0,0x00000000f5900000)
  from space 85504K, 0% used [0x00000000fac80000,0x00000000fac80000,0x0000000100000000)
  to   space 85504K, 0% used [0x00000000f5900000,0x00000000f5900000,0x00000000fac80000)
 ParOldGen       total 513536K, used 513371K [0x00000000d1000000, 0x00000000f0580000, 0x00000000f0580000)
  object space 513536K, 99% used [0x00000000d1000000,0x00000000f0556de8,0x00000000f0580000)
 Metaspace       used 7689K, capacity 7870K, committed 8192K, reserved 1056768K
  class space    used 880K, capacity 957K, committed 1024K, reserved 1048576K
}
Event: 130.791 GC heap before
{Heap before GC invocations=76 (full 48):
 PSYoungGen      total 171008K, used 85503K [0x00000000f0580000, 0x0000000100000000, 0x0000000100000000)
  eden space 85504K, 99% used [0x00000000f0580000,0x00000000f58ffff0,0x00000000f5900000)
  from space 85504K, 0% used [0x00000000fac80000,0x00000000fac80000,0x0000000100000000)
  to   space 85504K, 0% used [0x00000000f5900000,0x00000000f5900000,0x00000000fac80000)
 ParOldGen       total 513536K, used 513374K [0x00000000d1000000, 0x00000000f0580000, 0x00000000f0580000)
  object space 513536K, 99% used [0x00000000d1000000,0x00000000f0557b00,0x00000000f0580000)
 Metaspace       used 7689K, capacity 7870K, committed 8192K, reserved 1056768K
  class space    used 880K, capacity 957K, committed 1024K, reserved 1048576K
Event: 133.026 GC heap after
Heap after GC invocations=76 (full 48):
 PSYoungGen      total 171008K, used 85503K [0x00000000f0580000, 0x0000000100000000, 0x0000000100000000)
  eden space 85504K, 99% used [0x00000000f0580000,0x00000000f58ffff0,0x00000000f5900000)
  from space 85504K, 0% used [0x00000000fac80000,0x00000000fac80000,0x0000000100000000)
  to   space 85504K, 0% used [0x00000000f5900000,0x00000000f5900000,0x00000000fac80000)
 ParOldGen       total 513536K, used 513374K [0x00000000d1000000, 0x00000000f0580000, 0x00000000f0580000)
  object space 513536K, 99% used [0x00000000d1000000,0x00000000f0557930,0x00000000f0580000)
 Metaspace       used 7689K, capacity 7870K, committed 8192K, reserved 1056768K
  class space    used 880K, capacity 957K, committed 1024K, reserved 1048576K
}
Event: 133.026 GC heap before
{Heap before GC invocations=77 (full 49):
 PSYoungGen      total 171008K, used 85503K [0x00000000f0580000, 0x0000000100000000, 0x0000000100000000)
  eden space 85504K, 99% used [0x00000000f0580000,0x00000000f58ffff0,0x00000000f5900000)
  from space 85504K, 0% used [0x00000000fac80000,0x00000000fac80000,0x0000000100000000)
  to   space 85504K, 0% used [0x00000000f5900000,0x00000000f5900000,0x00000000fac80000)
 ParOldGen       total 513536K, used 513377K [0x00000000d1000000, 0x00000000f0580000, 0x00000000f0580000)
  object space 513536K, 99% used [0x00000000d1000000,0x00000000f0558470,0x00000000f0580000)
 Metaspace       used 7689K, capacity 7870K, committed 8192K, reserved 1056768K
  class space    used 880K, capacity 957K, committed 1024K, reserved 1048576K
Event: 135.258 GC heap after
Heap after GC invocations=77 (full 49):
 PSYoungGen      total 171008K, used 85503K [0x00000000f0580000, 0x0000000100000000, 0x0000000100000000)
  eden space 85504K, 99% used [0x00000000f0580000,0x00000000f58ffff0,0x00000000f5900000)
  from space 85504K, 0% used [0x00000000fac80000,0x00000000fac80000,0x0000000100000000)
  to   space 85504K, 0% used [0x00000000f5900000,0x00000000f5900000,0x00000000fac80000)
 ParOldGen       total 513536K, used 513376K [0x00000000d1000000, 0x00000000f0580000, 0x00000000f0580000)
  object space 513536K, 99% used [0x00000000d1000000,0x00000000f05582a8,0x00000000f0580000)
 Metaspace       used 7689K, capacity 7870K, committed 8192K, reserved 1056768K
  class space    used 880K, capacity 957K, committed 1024K, reserved 1048576K
}
Event: 135.258 GC heap before
{Heap before GC invocations=78 (full 50):
 PSYoungGen      total 171008K, used 85504K [0x00000000f0580000, 0x0000000100000000, 0x0000000100000000)
  eden space 85504K, 100% used [0x00000000f0580000,0x00000000f5900000,0x00000000f5900000)
  from space 85504K, 0% used [0x00000000fac80000,0x00000000fac80000,0x0000000100000000)
  to   space 85504K, 0% used [0x00000000f5900000,0x00000000f5900000,0x00000000fac80000)
 ParOldGen       total 513536K, used 513378K [0x00000000d1000000, 0x00000000f0580000, 0x00000000f0580000)
  object space 513536K, 99% used [0x00000000d1000000,0x00000000f0558b98,0x00000000f0580000)
 Metaspace       used 7689K, capacity 7870K, committed 8192K, reserved 1056768K
  class space    used 880K, capacity 957K, committed 1024K, reserved 1048576K
Event: 137.582 GC heap after
Heap after GC invocations=78 (full 50):
 PSYoungGen      total 171008K, used 85503K [0x00000000f0580000, 0x0000000100000000, 0x0000000100000000)
  eden space 85504K, 99% used [0x00000000f0580000,0x00000000f58fffe0,0x00000000f5900000)
  from space 85504K, 0% used [0x00000000fac80000,0x00000000fac80000,0x0000000100000000)
  to   space 85504K, 0% used [0x00000000f5900000,0x00000000f5900000,0x00000000fac80000)
 ParOldGen       total 513536K, used 513378K [0x00000000d1000000, 0x00000000f0580000, 0x00000000f0580000)
  object space 513536K, 99% used [0x00000000d1000000,0x00000000f0558a58,0x00000000f0580000)
 Metaspace       used 7689K, capacity 7870K, committed 8192K, reserved 1056768K
  class space    used 880K, capacity 957K, committed 1024K, reserved 1048576K
}
Event: 137.582 GC heap before
{Heap before GC invocations=79 (full 51):
 PSYoungGen      total 171008K, used 85504K [0x00000000f0580000, 0x0000000100000000, 0x0000000100000000)
  eden space 85504K, 100% used [0x00000000f0580000,0x00000000f5900000,0x00000000f5900000)
  from space 85504K, 0% used [0x00000000fac80000,0x00000000fac80000,0x0000000100000000)
  to   space 85504K, 0% used [0x00000000f5900000,0x00000000f5900000,0x00000000fac80000)
 ParOldGen       total 513536K, used 513378K [0x00000000d1000000, 0x00000000f0580000, 0x00000000f0580000)
  object space 513536K, 99% used [0x00000000d1000000,0x00000000f0558a58,0x00000000f0580000)
 Metaspace       used 7689K, capacity 7870K, committed 8192K, reserved 1056768K
  class space    used 880K, capacity 957K, committed 1024K, reserved 1048576K
Event: 140.082 GC heap after
Heap after GC invocations=79 (full 51):
 PSYoungGen      total 171008K, used 85503K [0x00000000f0580000, 0x0000000100000000, 0x0000000100000000)
  eden space 85504K, 99% used [0x00000000f0580000,0x00000000f58fff90,0x00000000f5900000)
  from space 85504K, 0% used [0x00000000fac80000,0x00000000fac80000,0x0000000100000000)
  to   space 85504K, 0% used [0x00000000f5900000,0x00000000f5900000,0x00000000fac80000)
 ParOldGen       total 513536K, used 513378K [0x00000000d1000000, 0x00000000f0580000, 0x00000000f0580000)
  object space 513536K, 99% used [0x00000000d1000000,0x00000000f0558a58,0x00000000f0580000)
 Metaspace       used 7689K, capacity 7870K, committed 8192K, reserved 1056768K
  class space    used 880K, capacity 957K, committed 1024K, reserved 1048576K
}

