# JRE version: Java(TM) SE Runtime Environment (8.0_65-b17) (build 1.8.0_65-b17)
# Java VM: Java HotSpot(TM) 64-Bit Server VM (25.65-b01 mixed mode linux-amd64 compressed oops)
Heap:
 PSYoungGen      total 171008K, used 85503K [0x00000000f0580000, 0x0000000100000000, 0x0000000100000000)
  eden space 85504K, 99% used [0x00000000f0580000,0x00000000f58ffff8,0x00000000f5900000)
  from space 85504K, 0% used [0x00000000fac80000,0x00000000fac80000,0x0000000100000000)
  to   space 85504K, 0% used [0x00000000f5900000,0x00000000f5900000,0x00000000fac80000)
 ParOldGen       total 513536K, used 513325K [0x00000000d1000000, 0x00000000f0580000, 0x00000000f0580000)
  object space 513536K, 99% used [0x00000000d1000000,0x00000000f054b700,0x00000000f0580000)
 Metaspace       used 7685K, capacity 7870K, committed 8192K, reserved 1056768K
  class space    used 880K, capacity 957K, committed 1024K, reserved 1048576K
GC Heap History (10 events):
Event: 121.926 GC heap before
{Heap before GC invocations=73 (full 47):
 PSYoungGen      total 171008K, used 85503K [0x00000000f0580000, 0x0000000100000000, 0x0000000100000000)
  eden space 85504K, 99% used [0x00000000f0580000,0x00000000f58ffff8,0x00000000f5900000)
  from space 85504K, 0% used [0x00000000fac80000,0x00000000fac80000,0x0000000100000000)
  to   space 85504K, 0% used [0x00000000f5900000,0x00000000f5900000,0x00000000fac80000)
 ParOldGen       total 513536K, used 513475K [0x00000000d1000000, 0x00000000f0580000, 0x00000000f0580000)
  object space 513536K, 99% used [0x00000000d1000000,0x00000000f0570fc8,0x00000000f0580000)
 Metaspace       used 7690K, capacity 7880K, committed 8192K, reserved 1056768K
  class space    used 882K, capacity 962K, committed 1024K, reserved 1048576K
Event: 124.153 GC heap after
Heap after GC invocations=73 (full 47):
 PSYoungGen      total 171008K, used 85503K [0x00000000f0580000, 0x0000000100000000, 0x0000000100000000)
  eden space 85504K, 99% used [0x00000000f0580000,0x00000000f58ffff8,0x00000000f5900000)
  from space 85504K, 0% used [0x00000000fac80000,0x00000000fac80000,0x0000000100000000)
  to   space 85504K, 0% used [0x00000000f5900000,0x00000000f5900000,0x00000000fac80000)
 ParOldGen       total 513536K, used 513475K [0x00000000d1000000, 0x00000000f0580000, 0x00000000f0580000)
  object space 513536K, 99% used [0x00000000d1000000,0x00000000f0570fc8,0x00000000f0580000)
 Metaspace       used 7690K, capacity 7880K, committed 8192K, reserved 1056768K
  class space    used 882K, capacity 962K, committed 1024K, reserved 1048576K
}
Event: 124.153 GC heap before
{Heap before GC invocations=74 (full 48):
 PSYoungGen      total 171008K, used 85503K [0x00000000f0580000, 0x0000000100000000, 0x0000000100000000)
  eden space 85504K, 99% used [0x00000000f0580000,0x00000000f58ffff8,0x00000000f5900000)
  from space 85504K, 0% used [0x00000000fac80000,0x00000000fac80000,0x0000000100000000)
  to   space 85504K, 0% used [0x00000000f5900000,0x00000000f5900000,0x00000000fac80000)
 ParOldGen       total 513536K, used 513477K [0x00000000d1000000, 0x00000000f0580000, 0x00000000f0580000)
  object space 513536K, 99% used [0x00000000d1000000,0x00000000f05716c8,0x00000000f0580000)
 Metaspace       used 7690K, capacity 7880K, committed 8192K, reserved 1056768K
  class space    used 882K, capacity 962K, committed 1024K, reserved 1048576K
Event: 126.434 GC heap after
Heap after GC invocations=74 (full 48):
 PSYoungGen      total 171008K, used 85503K [0x00000000f0580000, 0x0000000100000000, 0x0000000100000000)
  eden space 85504K, 99% used [0x00000000f0580000,0x00000000f58ffff8,0x00000000f5900000)
  from space 85504K, 0% used [0x00000000fac80000,0x00000000fac80000,0x0000000100000000)
  to   space 85504K, 0% used [0x00000000f5900000,0x00000000f5900000,0x00000000fac80000)
 ParOldGen       total 513536K, used 513477K [0x00000000d1000000, 0x00000000f0580000, 0x00000000f0580000)
  object space 513536K, 99% used [0x00000000d1000000,0x00000000f05716c8,0x00000000f0580000)
 Metaspace       used 7690K, capacity 7880K, committed 8192K, reserved 1056768K
  class space    used 882K, capacity 962K, committed 1024K, reserved 1048576K
}
Event: 126.435 GC heap before
{Heap before GC invocations=75 (full 49):
 PSYoungGen      total 171008K, used 85503K [0x00000000f0580000, 0x0000000100000000, 0x0000000100000000)
  eden space 85504K, 99% used [0x00000000f0580000,0x00000000f58ffff8,0x00000000f5900000)
  from space 85504K, 0% used [0x00000000fac80000,0x00000000fac80000,0x0000000100000000)
  to   space 85504K, 0% used [0x00000000f5900000,0x00000000f5900000,0x00000000fac80000)
 ParOldGen       total 513536K, used 513479K [0x00000000d1000000, 0x00000000f0580000, 0x00000000f0580000)
  object space 513536K, 99% used [0x00000000d1000000,0x00000000f0571eb8,0x00000000f0580000)
 Metaspace       used 7690K, capacity 7880K, committed 8192K, reserved 1056768K
  class space    used 882K, capacity 962K, committed 1024K, reserved 1048576K
Event: 128.899 GC heap after
Heap after GC invocations=75 (full 49):
 PSYoungGen      total 171008K, used 85503K [0x00000000f0580000, 0x0000000100000000, 0x0000000100000000)
  eden space 85504K, 99% used [0x00000000f0580000,0x00000000f58fffe8,0x00000000f5900000)
  from space 85504K, 0% used [0x00000000fac80000,0x00000000fac80000,0x0000000100000000)
  to   space 85504K, 0% used [0x00000000f5900000,0x00000000f5900000,0x00000000fac80000)
 ParOldGen       total 513536K, used 513479K [0x00000000d1000000, 0x00000000f0580000, 0x00000000f0580000)
  object space 513536K, 99% used [0x00000000d1000000,0x00000000f0571d28,0x00000000f0580000)
 Metaspace       used 7690K, capacity 7880K, committed 8192K, reserved 1056768K
  class space    used 882K, capacity 962K, committed 1024K, reserved 1048576K
}
Event: 128.899 GC heap before
{Heap before GC invocations=76 (full 50):
 PSYoungGen      total 171008K, used 85504K [0x00000000f0580000, 0x0000000100000000, 0x0000000100000000)
  eden space 85504K, 100% used [0x00000000f0580000,0x00000000f5900000,0x00000000f5900000)
  from space 85504K, 0% used [0x00000000fac80000,0x00000000fac80000,0x0000000100000000)
  to   space 85504K, 0% used [0x00000000f5900000,0x00000000f5900000,0x00000000fac80000)
 ParOldGen       total 513536K, used 513481K [0x00000000d1000000, 0x00000000f0580000, 0x00000000f0580000)
  object space 513536K, 99% used [0x00000000d1000000,0x00000000f0572420,0x00000000f0580000)
 Metaspace       used 7690K, capacity 7880K, committed 8192K, reserved 1056768K
  class space    used 882K, capacity 962K, committed 1024K, reserved 1048576K
Event: 131.222 GC heap after
Heap after GC invocations=76 (full 50):
 PSYoungGen      total 171008K, used 85504K [0x00000000f0580000, 0x0000000100000000, 0x0000000100000000)
  eden space 85504K, 100% used [0x00000000f0580000,0x00000000f5900000,0x00000000f5900000)
  from space 85504K, 0% used [0x00000000fac80000,0x00000000fac80000,0x0000000100000000)
  to   space 85504K, 0% used [0x00000000f5900000,0x00000000f5900000,0x00000000fac80000)
 ParOldGen       total 513536K, used 513481K [0x00000000d1000000, 0x00000000f0580000, 0x00000000f0580000)
  object space 513536K, 99% used [0x00000000d1000000,0x00000000f0572420,0x00000000f0580000)
 Metaspace       used 7690K, capacity 7880K, committed 8192K, reserved 1056768K
  class space    used 882K, capacity 962K, committed 1024K, reserved 1048576K
}
Event: 131.223 GC heap before
{Heap before GC invocations=77 (full 51):
 PSYoungGen      total 171008K, used 85504K [0x00000000f0580000, 0x0000000100000000, 0x0000000100000000)
  eden space 85504K, 100% used [0x00000000f0580000,0x00000000f5900000,0x00000000f5900000)
  from space 85504K, 0% used [0x00000000fac80000,0x00000000fac80000,0x0000000100000000)
  to   space 85504K, 0% used [0x00000000f5900000,0x00000000f5900000,0x00000000fac80000)
 ParOldGen       total 513536K, used 513482K [0x00000000d1000000, 0x00000000f0580000, 0x00000000f0580000)
  object space 513536K, 99% used [0x00000000d1000000,0x00000000f0572b18,0x00000000f0580000)
 Metaspace       used 7691K, capacity 7880K, committed 8192K, reserved 1056768K
  class space    used 883K, capacity 962K, committed 1024K, reserved 1048576K
Event: 134.704 GC heap after
Heap after GC invocations=77 (full 51):
 PSYoungGen      total 171008K, used 85503K [0x00000000f0580000, 0x0000000100000000, 0x0000000100000000)
  eden space 85504K, 99% used [0x00000000f0580000,0x00000000f58fffe8,0x00000000f5900000)
  from space 85504K, 0% used [0x00000000fac80000,0x00000000fac80000,0x0000000100000000)
  to   space 85504K, 0% used [0x00000000f5900000,0x00000000f5900000,0x00000000fac80000)
 ParOldGen       total 513536K, used 513325K [0x00000000d1000000, 0x00000000f0580000, 0x00000000f0580000)
  object space 513536K, 99% used [0x00000000d1000000,0x00000000f054b690,0x00000000f0580000)
 Metaspace       used 7685K, capacity 7870K, committed 8192K, reserved 1056768K
  class space    used 880K, capacity 957K, committed 1024K, reserved 1048576K
}

